<?xml version="1.0" encoding="UTF-8"?>
<!-- Generated by org.testng.reporters.JUnitReportReporter -->
<testsuite hostname="DESKTOP-RKENGEM" failures="0" tests="1" name="testRunnerTest3.TestRunnerTest3" time="9.675" errors="0" timestamp="2023-11-28T20:31:41 EST" skipped="0">
  <testcase classname="testRunnerTest3.TestRunnerTest3" name="runScenario" time="9.675"/>
</testsuite> <!-- testRunnerTest3.TestRunnerTest3 -->
