<?xml version="1.0" encoding="UTF-8"?>
<!-- Generated by org.testng.reporters.JUnitReportReporter -->
<<<<<<< HEAD
<testsuite hostname="DESKTOP-RKENGEM" failures="0" tests="1" name="testRunnerTest3.TestRunnerTest3" time="0.638" errors="0" timestamp="2023-11-27T17:29:54 EST" skipped="0">
  <testcase classname="testRunnerTest3.TestRunnerTest3" name="runScenario" time="0.638"/>
=======
<testsuite hostname="DESKTOP-RKENGEM" failures="0" tests="1" name="testRunnerTest3.TestRunnerTest3" time="9.004" errors="0" timestamp="2023-11-27T21:53:05 EST" skipped="0">
  <testcase classname="testRunnerTest3.TestRunnerTest3" name="runScenario" time="9.004"/>
>>>>>>> f5dec3cbca8e1a9edd84d5cf3e45f89ebe450337
</testsuite> <!-- testRunnerTest3.TestRunnerTest3 -->
